
ROM used:   4350/65536 (7%)
            4350/65536 (7%) including unused fragments

            0.9 Average locations per line
            7.8 Average locations per statement

RAM used:   117/4095 (3%) at main() level
            230/4095 (6%) worst case

Stack used: 0 worst case (0 in main + 0 for interrupts)
Stack size: 31

Lines Stmts  %   Files
----- ----- ---  -----
  221    97  17  UART.c
   18     0   0  UART.h
 2196     0   0  ..\..\..\..\..\Program Files (x86)\PICC\Devices\18F46K42.h
  456   100  18  ..\..\..\..\..\Program Files (x86)\PICC\Drivers\lcd.c
  435     0   0  ..\..\..\..\..\Program Files (x86)\PICC\Drivers\string.h
   32     0   0  ..\..\..\..\..\Program Files (x86)\PICC\Drivers\stddef.h
   28     0   0  ..\..\..\..\..\Program Files (x86)\PICC\Drivers\ctype.h
 1352   359  65  ..\..\..\..\..\Program Files (x86)\PICC\Drivers\stdlib.h
----- -----
 4738   556 Total

Page ROM  %  RAM    Vol Diff  Functions:
---- --- --- ---    --- ----  ----------
0     40   0    1             @delay_ms1
0     64   1    1             @PUTCHAR_1_
0     68   1    1             @GETCH_1_
0     76   1    3    760  4.5  lcd_read_byte
0     82   1    2    262  3.7  lcd_read_nibble
0     70   1    1    399  2.4  lcd_send_nibble
0     70   1    3    415  3.7  lcd_send_byte
0    130   1    6    852  6.2  lcd_init
0     34   0    4    208  6.3  lcd_gotoxy
0     80   1    1    354  4.7  lcd_putc
0    248   3   11             @MULFF
0     56   1    2             @ITOF
0    620   7   16             @ADDFF
0     82   1    0    149  1.3  menu
0     24   0    0             @const1256
0     42   0    2             @PSTRINGC_939
0     24   0    0             @const1261
0     22   0    0             @const1262
0     24   0    0             @const1263
0     20   0    0             @const1264
0     22   0    0             @const1265
0     28   0    0             @const1266
0     20   0    0             @const1267
0    328   4   11    468  6.5  get_temperature
0     12   0    0             @const1272
0     10   0    0             @const1273
0     64   1    5             @FTOSD
0    150   2   13             @DIV3232
0    378   4   13             @PRINTF_L32D_939FPFPF
0     56   1    2     98  2.0  button
0     18   0    0             @const1285
0      8   0    0             @const1286
0     42   0    3             @PSTRINGCN_939
0     40   0    3             @DIV88
0    180   2    6             @PRINTF_D_939
0     64   1    0    106  1.3  LCDMenu
0     18   0    0             @const1296
0     24   0    0             @const1297
0     24   0    0             @const1298
0     24   0    0             @const1299
0     22   0    0             @const1300
0     16   0    0             @const1301
0    312   4  105    997  5.3  LCD
0     18   0    0    997  5.3  @const1303
0     24   0    0             @const1304
0     24   0    0             @const1305
0     24   0    0             @const1306
0     22   0    0             @const1307
0     16   0    0             @const1308
0     12   0    0             @const1309
0     16   0    0             @const1312
0     10   0    0             @const1313
0     42   0    2             @PSTRINGC_966
0    310   4    3    932  6.2  MAIN
0     18   0    0    932  6.2  @const1324
0     16   0    0    932  6.2  @const1325
0     16   0    0             @const1326
0     42   0    0             @const1327
 Inline         0             @cinit1

Program metrics:
    Functions               16
    Statements              556
    Comments                979
    Volume (V)              14674
    Difficulty (D)          67.0
    Effort to implement (E) 982942
    Time to implement (T)   15 hours, 10 minutes
    Est Delivered Bugs (B)  3
    Cyclomatic Complexity   47
    Maintainability (MI)    56

 Segment     Used  Free
-----------  ----  ----
00000-00002     4  0  
00004-0FFFE  4346  61186  



